Running with gitlab-runner 17.1.0 (fe451d5a)
  on centos001.horizon.lan LBZF-mTd7, system ID: s_c4aa50544e84
Preparing the "docker" executor
00:30
Using Docker executor with image docker:20.10.5 ...
Starting service docker:20.10.5-dind...
Pulling docker image docker:20.10.5-dind ...
Using docker image sha256:0a9822c8848df3eb0a1562e553fdd54215939ef0a528434ee026c64ff645148c for docker:20.10.5-dind with digest docker@sha256:e4ecd4e9ad5140d584669451b05e406d8cf7603e51972b862178ad93c38b2b08 ...
Waiting for services to be up and running (timeout 30 seconds)...
Pulling docker image docker:20.10.5 ...
Using docker image sha256:1588477122de4fdfe9fcb9ddeeee6ac6b93e9e05a65c68a6e22add0a98b8e0fe for docker:20.10.5 with digest docker@sha256:7ed427295687586039ff3433bb9b4419c5cf1e6294025dadf7641126665a78f5 ...
Preparing environment
00:01
Running on runner-lbzf-mtd7-project-1-concurrent-0 via centos001.horizon.lan...
Getting source from Git repository
00:01
Fetching changes with git depth set to 20...
Reinitialized existing Git repository in /builds/root/task12/.git/
Checking out 7110781f as detached HEAD (ref is 2-change-get-method)...
Skipping Git submodules setup
Executing "step_script" stage of the job script
00:51
Using docker image sha256:1588477122de4fdfe9fcb9ddeeee6ac6b93e9e05a65c68a6e22add0a98b8e0fe for docker:20.10.5 with digest docker@sha256:7ed427295687586039ff3433bb9b4419c5cf1e6294025dadf7641126665a78f5 ...
$ docker build -t python-api:latest .
Step 1/7 : FROM almalinux:8
8: Pulling from library/almalinux
5075805855c6: Pulling fs layer
5075805855c6: Verifying Checksum
5075805855c6: Download complete
5075805855c6: Pull complete
Digest: sha256:e87da8566de5f0a10e0e6acdb7ca43da4ef97a114130691d7dd737d6923c863d
Status: Downloaded newer image for almalinux:8
 ---> da89286f0777
Step 2/7 : RUN mkdir -p /python_api
 ---> Running in ea7b5ff69e65
Removing intermediate container ea7b5ff69e65
 ---> 65e1701a2965
Step 3/7 : RUN yum install python3 python3-pip -y
 ---> Running in c1f46025061d
AlmaLinux 8 - BaseOS                            2.3 MB/s | 5.1 MB     00:02    
AlmaLinux 8 - AppStream                         5.0 MB/s |  11 MB     00:02    
AlmaLinux 8 - Extras                             23 kB/s |  13 kB     00:00    
Dependencies resolved.
======================================================================================
 Package               Arch    Version                                Repo        Size
======================================================================================
Installing:
 python3-pip           noarch  9.0.3-24.el8                           appstream   19 k
 python36              x86_64  3.6.8-39.module_el8.10.0+3769+3838165b appstream   18 k
Installing dependencies:
 platform-python-pip   noarch  9.0.3-24.el8                           baseos     1.6 M
 python3-setuptools    noarch  39.2.0-7.el8                           baseos     162 k
Enabling module streams:
 python36                      3.6                                                    
Transaction Summary
======================================================================================
Install  4 Packages
Total download size: 1.8 M
Installed size: 7.0 M
Downloading Packages:
(1/4): python3-pip-9.0.3-24.el8.noarch.rpm      255 kB/s |  19 kB     00:00    
(2/4): python36-3.6.8-39.module_el8.10.0+3769+3 612 kB/s |  18 kB     00:00    
(3/4): python3-setuptools-39.2.0-7.el8.noarch.r 1.2 MB/s | 162 kB     00:00    
(4/4): platform-python-pip-9.0.3-24.el8.noarch. 6.6 MB/s | 1.6 MB     00:00    
--------------------------------------------------------------------------------
Total                                           1.6 MB/s | 1.8 MB     00:01     
Running transaction check
Transaction check succeeded.
Running transaction test
Transaction test succeeded.
Running transaction
  Preparing        :                                                        1/1 
  Installing       : python3-setuptools-39.2.0-7.el8.noarch                 1/4 
  Installing       : platform-python-pip-9.0.3-24.el8.noarch                2/4 
  Installing       : python36-3.6.8-39.module_el8.10.0+3769+3838165b.x86_   3/4 
  Running scriptlet: python36-3.6.8-39.module_el8.10.0+3769+3838165b.x86_   3/4 
  Installing       : python3-pip-9.0.3-24.el8.noarch                        4/4 
  Running scriptlet: python3-pip-9.0.3-24.el8.noarch                        4/4 
  Verifying        : platform-python-pip-9.0.3-24.el8.noarch                1/4 
  Verifying        : python3-setuptools-39.2.0-7.el8.noarch                 2/4 
  Verifying        : python3-pip-9.0.3-24.el8.noarch                        3/4 
  Verifying        : python36-3.6.8-39.module_el8.10.0+3769+3838165b.x86_   4/4 
Installed:
  platform-python-pip-9.0.3-24.el8.noarch                                       
  python3-pip-9.0.3-24.el8.noarch                                               
  python3-setuptools-39.2.0-7.el8.noarch                                        
  python36-3.6.8-39.module_el8.10.0+3769+3838165b.x86_64                        
Complete!
Removing intermediate container c1f46025061d
 ---> 8dfd60ac1501
Step 4/7 : COPY requirements.txt ./requirements.txt
 ---> 24ff86a39e77
Step 5/7 : RUN pip3 install -r requirements.txt
 ---> Running in 18c6329c9a72
WARNING: Running pip install with root privileges is generally not a good idea. Try `pip3 install --user` instead.
Collecting flask (from -r requirements.txt (line 1))
  Downloading https://files.pythonhosted.org/packages/cd/77/59df23681f4fd19b7cbbb5e92484d46ad587554f5d490f33ef907e456132/Flask-2.0.3-py3-none-any.whl (95kB)
Collecting flask_restful (from -r requirements.txt (line 2))
  Downloading https://files.pythonhosted.org/packages/d7/7b/f0b45f0df7d2978e5ae51804bb5939b7897b2ace24306009da0cc34d8d1f/Flask_RESTful-0.3.10-py2.py3-none-any.whl
Collecting flask_jsonpify (from -r requirements.txt (line 3))
  Downloading https://files.pythonhosted.org/packages/60/0f/c389dea3988bffbe32c1a667989914b1cc0bce31b338c8da844d5e42b503/Flask-Jsonpify-1.5.0.tar.gz
Collecting click>=7.1.2 (from flask->-r requirements.txt (line 1))
  Downloading https://files.pythonhosted.org/packages/4a/a8/0b2ced25639fb20cc1c9784de90a8c25f9504a7f18cd8b5397bd61696d7d/click-8.0.4-py3-none-any.whl (97kB)
Collecting Werkzeug>=2.0 (from flask->-r requirements.txt (line 1))
  Downloading https://files.pythonhosted.org/packages/f4/f3/22afbdb20cc4654b10c98043414a14057cd27fdba9d4ae61cea596000ba2/Werkzeug-2.0.3-py3-none-any.whl (289kB)
Collecting itsdangerous>=2.0 (from flask->-r requirements.txt (line 1))
  Downloading https://files.pythonhosted.org/packages/9c/96/26f935afba9cd6140216da5add223a0c465b99d0f112b68a4ca426441019/itsdangerous-2.0.1-py3-none-any.whl
Collecting Jinja2>=3.0 (from flask->-r requirements.txt (line 1))
  Downloading https://files.pythonhosted.org/packages/20/9a/e5d9ec41927401e41aea8af6d16e78b5e612bca4699d417f646a9610a076/Jinja2-3.0.3-py3-none-any.whl (133kB)
Collecting pytz (from flask_restful->-r requirements.txt (line 2))
  Downloading https://files.pythonhosted.org/packages/9c/3d/a121f284241f08268b21359bd425f7d4825cffc5ac5cd0e1b3d82ffd2b10/pytz-2024.1-py2.py3-none-any.whl (505kB)
Collecting six>=1.3.0 (from flask_restful->-r requirements.txt (line 2))
  Downloading https://files.pythonhosted.org/packages/d9/5a/e7c31adbe875f2abbb91bd84cf2dc52d792b5a01506781dbcf25c91daf11/six-1.16.0-py2.py3-none-any.whl
Collecting aniso8601>=0.82 (from flask_restful->-r requirements.txt (line 2))
  Downloading https://files.pythonhosted.org/packages/e3/04/e97c12dc034791d7b504860acfcdd2963fa21ae61eaca1c9d31245f812c3/aniso8601-9.0.1-py2.py3-none-any.whl (52kB)
Collecting importlib-metadata; python_version < "3.8" (from click>=7.1.2->flask->-r requirements.txt (line 1))
  Downloading https://files.pythonhosted.org/packages/a0/a1/b153a0a4caf7a7e3f15c2cd56c7702e2cf3d89b1b359d1f1c5e59d68f4ce/importlib_metadata-4.8.3-py3-none-any.whl
Collecting dataclasses; python_version < "3.7" (from Werkzeug>=2.0->flask->-r requirements.txt (line 1))
  Downloading https://files.pythonhosted.org/packages/fe/ca/75fac5856ab5cfa51bbbcefa250182e50441074fdc3f803f6e76451fab43/dataclasses-0.8-py3-none-any.whl
Collecting MarkupSafe>=2.0 (from Jinja2>=3.0->flask->-r requirements.txt (line 1))
  Downloading https://files.pythonhosted.org/packages/fc/d6/57f9a97e56447a1e340f8574836d3b636e2c14de304943836bd645fa9c7e/MarkupSafe-2.0.1-cp36-cp36m-manylinux1_x86_64.whl
Collecting typing-extensions>=3.6.4; python_version < "3.8" (from importlib-metadata; python_version < "3.8"->click>=7.1.2->flask->-r requirements.txt (line 1))
  Downloading https://files.pythonhosted.org/packages/45/6b/44f7f8f1e110027cf88956b59f2fad776cca7e1704396d043f89effd3a0e/typing_extensions-4.1.1-py3-none-any.whl
Collecting zipp>=0.5 (from importlib-metadata; python_version < "3.8"->click>=7.1.2->flask->-r requirements.txt (line 1))
  Downloading https://files.pythonhosted.org/packages/bd/df/d4a4974a3e3957fd1c1fa3082366d7fff6e428ddb55f074bf64876f8e8ad/zipp-3.6.0-py3-none-any.whl
Installing collected packages: typing-extensions, zipp, importlib-metadata, click, dataclasses, Werkzeug, itsdangerous, MarkupSafe, Jinja2, flask, pytz, six, aniso8601, flask-restful, flask-jsonpify
  Running setup.py install for flask-jsonpify: started
    Running setup.py install for flask-jsonpify: finished with status 'done'
Successfully installed Jinja2-3.0.3 MarkupSafe-2.0.1 Werkzeug-2.0.3 aniso8601-9.0.1 click-8.0.4 dataclasses-0.8 flask-2.0.3 flask-jsonpify-1.5.0 flask-restful-0.3.10 importlib-metadata-4.8.3 itsdangerous-2.0.1 pytz-2024.1 six-1.16.0 typing-extensions-4.1.1 zipp-3.6.0
Removing intermediate container 18c6329c9a72
 ---> 06505787cdcc
Step 6/7 : COPY python-api.py ./python-api.py
 ---> b86eb8e6e9ef
Step 7/7 : CMD ["python3", "python-api.py"]
 ---> Running in fe3836bc779b
Removing intermediate container fe3836bc779b
 ---> ff7ec1a977f0
Successfully built ff7ec1a977f0
Successfully tagged python-api:latest
Job succeeded